<?xml version="1.0" encoding="UTF-8"?>
<!-- Generated by org.testng.reporters.JUnitReportReporter -->
<testsuite name="com.cucumber.testng.examples.RunCukesByFeatureAndCompositionTest1" tests="1" time="0.087" ignored="0" failures="0" timestamp="06 Jan 2017 04:22:00 GMT" skipped="0" hostname="THOR-PC" errors="0">
  <testcase name="feature" time="0.087" classname="com.cucumber.testng.examples.RunCukesByFeatureAndCompositionTest1"/>
</testsuite> <!-- com.cucumber.testng.examples.RunCukesByFeatureAndCompositionTest1 -->
